2022-03-18 00:53:41,296 INFO org.springframework.boot.StartupInfoLogger [main] Starting DepartmentserviceApplication using Java 17 on LAPTOP-TICLU5KO with PID 23460 (C:\Users\asus\Desktop\departmentservice\target\classes started by asus in C:\Users\asus\Desktop\departmentservice)
2022-03-18 00:53:41,296 INFO org.springframework.boot.SpringApplication [main] No active profile set, falling back to 1 default profile: "default"
2022-03-18 00:53:41,966 INFO org.springframework.data.repository.config.RepositoryConfigurationDelegate [main] Bootstrapping Spring Data JPA repositories in DEFAULT mode.
2022-03-18 00:53:42,044 INFO org.springframework.data.repository.config.RepositoryConfigurationDelegate [main] Finished Spring Data repository scanning in 61 ms. Found 1 JPA repository interfaces.
2022-03-18 00:53:42,310 INFO org.springframework.cloud.context.scope.GenericScope [main] BeanFactory id=e3f5d465-cee2-3e4b-aed0-69a7f9d8052a
2022-03-18 00:53:42,875 INFO org.springframework.boot.web.embedded.tomcat.TomcatWebServer [main] Tomcat initialized with port(s): 9001 (http)
2022-03-18 00:53:42,891 INFO org.apache.juli.logging.DirectJDKLog [main] Initializing ProtocolHandler ["http-nio-9001"]
2022-03-18 00:53:42,891 INFO org.apache.juli.logging.DirectJDKLog [main] Starting service [Tomcat]
2022-03-18 00:53:42,891 INFO org.apache.juli.logging.DirectJDKLog [main] Starting Servlet engine: [Apache Tomcat/9.0.58]
2022-03-18 00:53:43,016 INFO org.apache.juli.logging.DirectJDKLog [main] Initializing Spring embedded WebApplicationContext
2022-03-18 00:53:43,016 INFO org.springframework.boot.web.servlet.context.ServletWebServerApplicationContext [main] Root WebApplicationContext: initialization completed in 1679 ms
2022-03-18 00:53:43,297 WARN org.springframework.cloud.sleuth.autoconfig.zipkin2.ZipkinAutoConfiguration [main] Check result of the [RestTemplateSender{http://localhost:9411/api/v2/spans}] contains an error [CheckResult{ok=false, error=org.springframework.web.client.ResourceAccessException: I/O error on POST request for "http://localhost:9411/api/v2/spans": Connection refused: no further information; nested exception is java.net.ConnectException: Connection refused: no further information}]
2022-03-18 00:53:43,461 INFO com.zaxxer.hikari.HikariDataSource [main] HikariPool-1 - Starting...
2022-03-18 00:53:43,555 INFO com.zaxxer.hikari.HikariDataSource [main] HikariPool-1 - Start completed.
2022-03-18 00:53:43,586 INFO org.hibernate.jpa.internal.util.LogHelper [main] HHH000204: Processing PersistenceUnitInfo [name: default]
2022-03-18 00:53:43,633 INFO org.hibernate.Version [main] HHH000412: Hibernate ORM core version 5.6.5.Final
2022-03-18 00:53:43,758 INFO org.hibernate.annotations.common.reflection.java.JavaReflectionManager [main] HCANN000001: Hibernate Commons Annotations {5.1.2.Final}
2022-03-18 00:53:43,836 INFO org.hibernate.dialect.Dialect [main] HHH000400: Using dialect: org.hibernate.dialect.H2Dialect
2022-03-18 00:53:44,242 INFO org.hibernate.engine.transaction.jta.platform.internal.JtaPlatformInitiator [main] HHH000490: Using JtaPlatform implementation: [org.hibernate.engine.transaction.jta.platform.internal.NoJtaPlatform]
2022-03-18 00:53:44,258 INFO org.springframework.orm.jpa.AbstractEntityManagerFactoryBean [main] Initialized JPA EntityManagerFactory for persistence unit 'default'
2022-03-18 00:53:44,602 WARN org.springframework.boot.autoconfigure.orm.jpa.JpaBaseConfiguration$JpaWebConfiguration [main] spring.jpa.open-in-view is enabled by default. Therefore, database queries may be performed during view rendering. Explicitly configure spring.jpa.open-in-view to disable this warning
2022-03-18 00:53:46,269 INFO org.springframework.cloud.commons.util.InetUtils [main] Cannot determine local hostname
2022-03-18 00:53:46,299 INFO org.springframework.cloud.netflix.eureka.config.DiscoveryClientOptionalArgsConfiguration [main] Eureka HTTP Client uses RestTemplate.
2022-03-18 00:53:47,474 INFO org.springframework.cloud.commons.util.InetUtils [main] Cannot determine local hostname
2022-03-18 00:53:47,708 WARN org.springframework.cloud.loadbalancer.config.LoadBalancerCacheAutoConfiguration$LoadBalancerCaffeineWarnLogger [main] Spring Cloud LoadBalancer is currently working with the default cache. While this cache implementation is useful for development and tests, it's recommended to use Caffeine cache in production.You can switch to using Caffeine cache, by adding it and org.springframework.cache.caffeine.CaffeineCacheManager to the classpath.
2022-03-18 00:53:47,802 INFO org.springframework.cloud.netflix.eureka.InstanceInfoFactory [main] Setting initial instance status as: STARTING
2022-03-18 00:53:47,848 INFO com.netflix.discovery.DiscoveryClient [main] Initializing Eureka in region us-east-1
2022-03-18 00:53:47,848 INFO com.netflix.discovery.shared.resolver.aws.ConfigClusterResolver [main] Resolving eureka endpoints via configuration
2022-03-18 00:53:47,880 INFO com.netflix.discovery.DiscoveryClient [main] Disable delta property : false
2022-03-18 00:53:47,880 INFO com.netflix.discovery.DiscoveryClient [main] Single vip registry refresh property : null
2022-03-18 00:53:47,880 INFO com.netflix.discovery.DiscoveryClient [main] Force full registry fetch : false
2022-03-18 00:53:47,880 INFO com.netflix.discovery.DiscoveryClient [main] Application is null : false
2022-03-18 00:53:47,880 INFO com.netflix.discovery.DiscoveryClient [main] Registered Applications size is zero : true
2022-03-18 00:53:47,880 INFO com.netflix.discovery.DiscoveryClient [main] Application version is -1: true
2022-03-18 00:53:47,880 INFO com.netflix.discovery.DiscoveryClient [main] Getting all instance registry info from the eureka server
2022-03-18 00:53:48,223 INFO com.netflix.discovery.DiscoveryClient [main] The response status is 200
2022-03-18 00:53:48,223 INFO com.netflix.discovery.DiscoveryClient [main] Starting heartbeat executor: renew interval is: 30
2022-03-18 00:53:48,223 INFO com.netflix.discovery.InstanceInfoReplicator [main] InstanceInfoReplicator onDemand update allowed rate per min is 4
2022-03-18 00:53:48,239 INFO com.netflix.discovery.DiscoveryClient [main] Discovery Client initialized at timestamp 1647545028239 with initial instances count: 3
2022-03-18 00:53:48,255 INFO org.springframework.cloud.netflix.eureka.serviceregistry.EurekaServiceRegistry [main] Registering application DEPARTMENT-SERVICE with eureka with status UP
2022-03-18 00:53:48,255 INFO com.netflix.discovery.DiscoveryClient$3 [main] Saw local status change event StatusChangeEvent [timestamp=1647545028255, current=UP, previous=STARTING]
2022-03-18 00:53:48,255 INFO com.netflix.discovery.DiscoveryClient [DiscoveryClient-InstanceInfoReplicator-0] DiscoveryClient_DEPARTMENT-SERVICE/localhost:DEPARTMENT-SERVICE:9001: registering service...
2022-03-18 00:53:48,255 INFO org.apache.juli.logging.DirectJDKLog [main] Starting ProtocolHandler ["http-nio-9001"]
2022-03-18 00:53:48,286 INFO org.springframework.boot.web.embedded.tomcat.TomcatWebServer [main] Tomcat started on port(s): 9001 (http) with context path ''
2022-03-18 00:53:48,286 INFO org.springframework.cloud.netflix.eureka.serviceregistry.EurekaAutoServiceRegistration [main] Updating port to 9001
2022-03-18 00:53:48,302 INFO com.netflix.discovery.DiscoveryClient [DiscoveryClient-InstanceInfoReplicator-0] DiscoveryClient_DEPARTMENT-SERVICE/localhost:DEPARTMENT-SERVICE:9001 - registration status: 204
2022-03-18 00:53:49,443 INFO org.springframework.cloud.commons.util.InetUtils [main] Cannot determine local hostname
2022-03-18 00:53:49,458 INFO org.springframework.boot.StartupInfoLogger [main] Started DepartmentserviceApplication in 9.733 seconds (JVM running for 10.766)
2022-03-18 00:55:02,021 INFO org.apache.juli.logging.DirectJDKLog [http-nio-9001-exec-1] Initializing Spring DispatcherServlet 'dispatcherServlet'
2022-03-18 00:55:02,021 INFO org.springframework.web.servlet.FrameworkServlet [http-nio-9001-exec-1] Initializing Servlet 'dispatcherServlet'
2022-03-18 00:55:02,023 INFO org.springframework.web.servlet.FrameworkServlet [http-nio-9001-exec-1] Completed initialization in 2 ms
2022-03-18 00:55:02,054 INFO com.example.departmentservice.controller.DepartmentController [http-nio-9001-exec-1] Inside findDepartmentById method of DepartmentController
2022-03-18 00:55:02,055 INFO com.example.departmentservice.service.DepartmentService [http-nio-9001-exec-1] Inside findDepartmentById of  DepartmentService
2022-03-18 00:55:03,221 WARN zipkin2.reporter.AsyncReporter$BoundedAsyncReporter [AsyncReporter{RestTemplateSender{http://localhost:9411/api/v2/spans}}] Spans were dropped due to exceptions. All subsequent errors will be logged at FINE level.
2022-03-18 00:55:03,223 WARN zipkin2.reporter.AsyncReporter$BoundedAsyncReporter [AsyncReporter{RestTemplateSender{http://localhost:9411/api/v2/spans}}] Dropped 1 spans due to ResourceAccessException(I/O error on POST request for "http://localhost:9411/api/v2/spans": Connection refused: no further information; nested exception is java.net.ConnectException: Connection refused: no further information)
org.springframework.web.client.ResourceAccessException: I/O error on POST request for "http://localhost:9411/api/v2/spans": Connection refused: no further information; nested exception is java.net.ConnectException: Connection refused: no further information
	at org.springframework.web.client.RestTemplate.doExecute(RestTemplate.java:785)
	at org.springframework.cloud.sleuth.zipkin2.ZipkinRestTemplateWrapper.doExecute(ZipkinRestTemplateWrapper.java:69)
	at org.springframework.web.client.RestTemplate.exchange(RestTemplate.java:660)
	at org.springframework.cloud.sleuth.zipkin2.RestTemplateSender.post(RestTemplateSender.java:51)
	at org.springframework.cloud.sleuth.zipkin2.RestTemplateSender.lambda$new$0(RestTemplateSender.java:44)
	at org.springframework.cloud.sleuth.zipkin2.HttpSender.post(HttpSender.java:137)
	at org.springframework.cloud.sleuth.zipkin2.HttpSender$HttpPostCall.doExecute(HttpSender.java:150)
	at org.springframework.cloud.sleuth.zipkin2.HttpSender$HttpPostCall.doExecute(HttpSender.java:140)
	at zipkin2.Call$Base.execute(Call.java:391)
	at zipkin2.reporter.AsyncReporter$BoundedAsyncReporter.flush(AsyncReporter.java:299)
	at zipkin2.reporter.AsyncReporter$Flusher.run(AsyncReporter.java:378)
	at java.base/java.lang.Thread.run(Thread.java:833)
Caused by: java.net.ConnectException: Connection refused: no further information
	at java.base/sun.nio.ch.Net.pollConnect(Native Method)
	at java.base/sun.nio.ch.Net.pollConnectNow(Net.java:672)
	at java.base/sun.nio.ch.NioSocketImpl.timedFinishConnect(NioSocketImpl.java:542)
	at java.base/sun.nio.ch.NioSocketImpl.connect(NioSocketImpl.java:597)
	at java.base/java.net.Socket.connect(Socket.java:633)
	at java.base/sun.net.NetworkClient.doConnect(NetworkClient.java:178)
	at java.base/sun.net.www.http.HttpClient.openServer(HttpClient.java:498)
	at java.base/sun.net.www.http.HttpClient.openServer(HttpClient.java:603)
	at java.base/sun.net.www.http.HttpClient.<init>(HttpClient.java:246)
	at java.base/sun.net.www.http.HttpClient.New(HttpClient.java:351)
	at java.base/sun.net.www.http.HttpClient.New(HttpClient.java:373)
	at java.base/sun.net.www.protocol.http.HttpURLConnection.getNewHttpClient(HttpURLConnection.java:1309)
	at java.base/sun.net.www.protocol.http.HttpURLConnection.plainConnect0(HttpURLConnection.java:1242)
	at java.base/sun.net.www.protocol.http.HttpURLConnection.plainConnect(HttpURLConnection.java:1128)
	at java.base/sun.net.www.protocol.http.HttpURLConnection.connect(HttpURLConnection.java:1057)
	at org.springframework.http.client.SimpleBufferingClientHttpRequest.executeInternal(SimpleBufferingClientHttpRequest.java:76)
	at org.springframework.http.client.AbstractBufferingClientHttpRequest.executeInternal(AbstractBufferingClientHttpRequest.java:48)
	at org.springframework.http.client.AbstractClientHttpRequest.execute(AbstractClientHttpRequest.java:66)
	at org.springframework.web.client.RestTemplate.doExecute(RestTemplate.java:776)
	... 11 common frames omitted
2022-03-18 00:55:07,128 INFO com.example.departmentservice.controller.DepartmentController [http-nio-9001-exec-2] Inside save department method of DepartmentController
2022-03-18 00:55:07,129 INFO com.example.departmentservice.service.DepartmentService [http-nio-9001-exec-2] Inside saveDepartment of  DepartmentService
2022-03-18 00:55:11,870 INFO com.example.departmentservice.controller.DepartmentController [http-nio-9001-exec-3] Inside findDepartmentById method of DepartmentController
2022-03-18 00:55:11,871 INFO com.example.departmentservice.service.DepartmentService [http-nio-9001-exec-3] Inside findDepartmentById of  DepartmentService
